2021-10-08 14:36:25,641 INFO werkzeug MainThread :  * Restarting with windowsapi reloader
2021-10-08 14:36:28,134 WARNING werkzeug MainThread :  * Debugger is active!
2021-10-08 14:36:28,150 INFO werkzeug MainThread :  * Debugger PIN: 247-046-411
2021-10-08 14:36:28,190 INFO werkzeug Thread-1 :  * Running on http://127.0.0.1:5000/ (Press CTRL+C to quit)
2021-10-08 14:36:28,392 INFO app Thread-5 : This is a home page
2021-10-08 14:36:28,408 INFO werkzeug Thread-5 : 127.0.0.1 - - [08/Oct/2021 14:36:28] "[37mGET / HTTP/1.1[0m" 200 -
2021-10-08 14:36:28,408 INFO werkzeug Thread-2 :  * Detected change in 'C:\\Users\\NAVEEN\\Python\\Anaconda\\Lib\\encodings\\__pycache__\\unicode_escape.cpython-38.pyc', reloading
2021-10-08 14:36:29,234 INFO werkzeug Thread-6 : 127.0.0.1 - - [08/Oct/2021 14:36:29] "[33mGET /favicon.ico HTTP/1.1[0m" 404 -
2021-10-08 14:36:29,624 INFO werkzeug MainThread :  * Restarting with windowsapi reloader
2021-10-08 14:36:32,286 WARNING werkzeug MainThread :  * Debugger is active!
2021-10-08 14:36:32,302 INFO werkzeug MainThread :  * Debugger PIN: 247-046-411
2021-10-08 14:36:32,358 INFO werkzeug Thread-1 :  * Running on http://127.0.0.1:5000/ (Press CTRL+C to quit)
2021-10-08 14:40:39,579 INFO werkzeug Thread-2 :  * Detected change in 'C:\\Users\\NAVEEN\\Python\\Anaconda\\pkgs\\python-3.8.8-hdbf39b2_5\\Lib\\abc.py', reloading
2021-10-08 14:40:39,579 INFO werkzeug Thread-2 :  * Detected change in 'C:\\Users\\NAVEEN\\Python\\Anaconda\\pkgs\\python-3.8.8-hdbf39b2_5\\Lib\\abc.py', reloading
2021-10-08 14:40:40,709 INFO werkzeug MainThread :  * Restarting with windowsapi reloader
2021-10-08 14:40:43,091 WARNING werkzeug MainThread :  * Debugger is active!
2021-10-08 14:40:43,099 INFO werkzeug MainThread :  * Debugger PIN: 247-046-411
2021-10-08 14:40:43,145 INFO werkzeug Thread-1 :  * Running on http://127.0.0.1:5000/ (Press CTRL+C to quit)
2021-10-08 14:40:55,673 INFO werkzeug Thread-2 :  * Detected change in 'C:\\Users\\NAVEEN\\Python\\Anaconda\\pkgs\\spyder-4.2.5-py38haa95532_0\\Scripts\\spyder-script.py', reloading
2021-10-08 14:40:55,674 INFO werkzeug Thread-2 :  * Detected change in 'C:\\Users\\NAVEEN\\Python\\Anaconda\\pkgs\\spyder-4.2.5-py38haa95532_0\\Scripts\\spyder-script.py', reloading
2021-10-08 14:40:56,894 INFO werkzeug MainThread :  * Restarting with windowsapi reloader
2021-10-08 14:41:00,358 WARNING werkzeug MainThread :  * Debugger is active!
2021-10-08 14:41:00,382 INFO werkzeug MainThread :  * Debugger PIN: 247-046-411
2021-10-08 14:41:00,446 INFO werkzeug Thread-1 :  * Running on http://127.0.0.1:5000/ (Press CTRL+C to quit)
2021-10-08 14:44:37,980 INFO werkzeug Thread-2 :  * Detected change in 'C:\\Users\\NAVEEN\\RRPonHEROKU\\RRPonHEROKU\\app.py', reloading
2021-10-08 14:44:39,111 INFO werkzeug MainThread :  * Restarting with windowsapi reloader
2021-10-08 14:44:41,667 WARNING werkzeug MainThread :  * Debugger is active!
2021-10-08 14:44:41,675 INFO werkzeug MainThread :  * Debugger PIN: 247-046-411
2021-10-08 14:44:41,723 INFO werkzeug Thread-1 :  * Running on http://127.0.0.1:5000/ (Press CTRL+C to quit)
2021-10-08 15:00:43,503 INFO werkzeug Thread-2 :  * Detected change in 'C:\\Users\\NAVEEN\\Python\\Anaconda\\Lib\\site-packages\\conda\\cli\\__pycache__\\main_list.cpython-38.pyc', reloading
2021-10-08 15:00:45,028 INFO werkzeug MainThread :  * Restarting with windowsapi reloader
2021-10-08 15:00:47,368 WARNING werkzeug MainThread :  * Debugger is active!
2021-10-08 15:00:47,377 INFO werkzeug MainThread :  * Debugger PIN: 247-046-411
2021-10-08 15:00:47,407 INFO werkzeug Thread-1 :  * Running on http://127.0.0.1:5000/ (Press CTRL+C to quit)
2021-10-08 18:19:08,035 INFO werkzeug Thread-2 :  * Detected change in 'C:\\Users\\NAVEEN\\Python\\Anaconda\\Lib\\encodings\\__pycache__\\__init__.cpython-38.pyc', reloading
2021-10-08 18:19:08,062 INFO werkzeug Thread-2 :  * Detected change in 'C:\\Users\\NAVEEN\\Python\\Anaconda\\Lib\\__pycache__\\codecs.cpython-38.pyc', reloading
2021-10-08 18:19:08,062 INFO werkzeug Thread-2 :  * Detected change in 'C:\\Users\\NAVEEN\\Python\\Anaconda\\Lib\\encodings\\__pycache__\\aliases.cpython-38.pyc', reloading
2021-10-08 18:19:08,063 INFO werkzeug Thread-2 :  * Detected change in 'C:\\Users\\NAVEEN\\Python\\Anaconda\\Lib\\encodings\\__pycache__\\utf_8.cpython-38.pyc', reloading
2021-10-08 18:19:08,067 INFO werkzeug Thread-2 :  * Detected change in 'C:\\Users\\NAVEEN\\Python\\Anaconda\\Lib\\encodings\\__pycache__\\cp1252.cpython-38.pyc', reloading
2021-10-08 18:19:08,067 INFO werkzeug Thread-2 :  * Detected change in 'C:\\Users\\NAVEEN\\Python\\Anaconda\\Lib\\encodings\\__pycache__\\latin_1.cpython-38.pyc', reloading
2021-10-08 18:19:08,067 INFO werkzeug Thread-2 :  * Detected change in 'C:\\Users\\NAVEEN\\Python\\Anaconda\\Lib\\__pycache__\\io.cpython-38.pyc', reloading
2021-10-08 18:19:08,067 INFO werkzeug Thread-2 :  * Detected change in 'C:\\Users\\NAVEEN\\Python\\Anaconda\\Lib\\__pycache__\\abc.cpython-38.pyc', reloading
2021-10-08 18:19:08,068 INFO werkzeug Thread-2 :  * Detected change in 'C:\\Users\\NAVEEN\\Python\\Anaconda\\Lib\\__pycache__\\site.cpython-38.pyc', reloading
2021-10-08 18:19:08,068 INFO werkzeug Thread-2 :  * Detected change in 'C:\\Users\\NAVEEN\\Python\\Anaconda\\Lib\\__pycache__\\os.cpython-38.pyc', reloading
2021-10-08 18:19:08,068 INFO werkzeug Thread-2 :  * Detected change in 'C:\\Users\\NAVEEN\\Python\\Anaconda\\Lib\\__pycache__\\stat.cpython-38.pyc', reloading
2021-10-08 18:19:08,068 INFO werkzeug Thread-2 :  * Detected change in 'C:\\Users\\NAVEEN\\Python\\Anaconda\\Lib\\__pycache__\\_collections_abc.cpython-38.pyc', reloading
2021-10-08 18:19:08,069 INFO werkzeug Thread-2 :  * Detected change in 'C:\\Users\\NAVEEN\\Python\\Anaconda\\Lib\\__pycache__\\ntpath.cpython-38.pyc', reloading
2021-10-08 18:19:08,069 INFO werkzeug Thread-2 :  * Detected change in 'C:\\Users\\NAVEEN\\Python\\Anaconda\\Lib\\__pycache__\\genericpath.cpython-38.pyc', reloading
2021-10-08 18:19:08,069 INFO werkzeug Thread-2 :  * Detected change in 'C:\\Users\\NAVEEN\\Python\\Anaconda\\Lib\\__pycache__\\_sitebuiltins.cpython-38.pyc', reloading
2021-10-08 18:19:08,070 INFO werkzeug Thread-2 :  * Detected change in 'C:\\Users\\NAVEEN\\Python\\Anaconda\\Lib\\__pycache__\\_bootlocale.cpython-38.pyc', reloading
2021-10-08 18:19:08,072 INFO werkzeug Thread-2 :  * Detected change in 'C:\\Users\\NAVEEN\\Python\\Anaconda\\Lib\\__pycache__\\types.cpython-38.pyc', reloading
2021-10-08 18:19:08,073 INFO werkzeug Thread-2 :  * Detected change in 'C:\\Users\\NAVEEN\\Python\\Anaconda\\Lib\\importlib\\__pycache__\\__init__.cpython-38.pyc', reloading
2021-10-08 18:19:08,075 INFO werkzeug Thread-2 :  * Detected change in 'C:\\Users\\NAVEEN\\Python\\Anaconda\\Lib\\__pycache__\\warnings.cpython-38.pyc', reloading
2021-10-08 18:19:08,075 INFO werkzeug Thread-2 :  * Detected change in 'C:\\Users\\NAVEEN\\Python\\Anaconda\\Lib\\importlib\\__pycache__\\util.cpython-38.pyc', reloading
2021-10-08 18:19:08,076 INFO werkzeug Thread-2 :  * Detected change in 'C:\\Users\\NAVEEN\\Python\\Anaconda\\Lib\\importlib\\__pycache__\\abc.cpython-38.pyc', reloading
2021-10-08 18:19:08,077 INFO werkzeug Thread-2 :  * Detected change in 'C:\\Users\\NAVEEN\\Python\\Anaconda\\Lib\\importlib\\__pycache__\\machinery.cpython-38.pyc', reloading
2021-10-08 18:19:08,079 INFO werkzeug Thread-2 :  * Detected change in 'C:\\Users\\NAVEEN\\Python\\Anaconda\\Lib\\__pycache__\\contextlib.cpython-38.pyc', reloading
2021-10-08 18:19:08,081 INFO werkzeug Thread-2 :  * Detected change in 'C:\\Users\\NAVEEN\\Python\\Anaconda\\Lib\\collections\\__pycache__\\__init__.cpython-38.pyc', reloading
2021-10-08 18:19:08,083 INFO werkzeug Thread-2 :  * Detected change in 'C:\\Users\\NAVEEN\\Python\\Anaconda\\Lib\\__pycache__\\operator.cpython-38.pyc', reloading
2021-10-08 18:19:08,084 INFO werkzeug Thread-2 :  * Detected change in 'C:\\Users\\NAVEEN\\Python\\Anaconda\\Lib\\__pycache__\\keyword.cpython-38.pyc', reloading
2021-10-08 18:19:08,085 INFO werkzeug Thread-2 :  * Detected change in 'C:\\Users\\NAVEEN\\Python\\Anaconda\\Lib\\__pycache__\\heapq.cpython-38.pyc', reloading
2021-10-08 18:19:08,086 INFO werkzeug Thread-2 :  * Detected change in 'C:\\Users\\NAVEEN\\Python\\Anaconda\\Lib\\__pycache__\\reprlib.cpython-38.pyc', reloading
2021-10-08 18:19:08,088 INFO werkzeug Thread-2 :  * Detected change in 'C:\\Users\\NAVEEN\\Python\\Anaconda\\Lib\\__pycache__\\functools.cpython-38.pyc', reloading
2021-10-08 18:19:08,117 INFO werkzeug Thread-2 :  * Detected change in 'C:\\Users\\NAVEEN\\Python\\Anaconda\\cwp.py', reloading
2021-10-08 18:19:08,120 INFO werkzeug Thread-2 :  * Detected change in 'C:\\Users\\NAVEEN\\Python\\Anaconda\\Lib\\__pycache__\\subprocess.cpython-38.pyc', reloading
2021-10-08 18:19:08,121 INFO werkzeug Thread-2 :  * Detected change in 'C:\\Users\\NAVEEN\\Python\\Anaconda\\Lib\\__pycache__\\signal.cpython-38.pyc', reloading
2021-10-08 18:19:08,123 INFO werkzeug Thread-2 :  * Detected change in 'C:\\Users\\NAVEEN\\Python\\Anaconda\\Lib\\__pycache__\\enum.cpython-38.pyc', reloading
2021-10-08 18:19:08,126 INFO werkzeug Thread-2 :  * Detected change in 'C:\\Users\\NAVEEN\\Python\\Anaconda\\Lib\\__pycache__\\threading.cpython-38.pyc', reloading
2021-10-08 18:19:08,129 INFO werkzeug Thread-2 :  * Detected change in 'C:\\Users\\NAVEEN\\Python\\Anaconda\\Lib\\__pycache__\\_weakrefset.cpython-38.pyc', reloading
2021-10-08 18:19:08,136 INFO werkzeug Thread-2 :  * Detected change in 'C:\\Users\\NAVEEN\\Python\\Anaconda\\Lib\\site-packages\\menuinst\\__pycache__\\__init__.cpython-38.pyc', reloading
2021-10-08 18:19:08,137 INFO werkzeug Thread-2 :  * Detected change in 'C:\\Users\\NAVEEN\\Python\\Anaconda\\Lib\\__pycache__\\__future__.cpython-38.pyc', reloading
2021-10-08 18:19:08,140 INFO werkzeug Thread-2 :  * Detected change in 'C:\\Users\\NAVEEN\\Python\\Anaconda\\Lib\\logging\\__pycache__\\__init__.cpython-38.pyc', reloading
2021-10-08 18:19:08,141 INFO werkzeug Thread-2 :  * Detected change in 'C:\\Users\\NAVEEN\\Python\\Anaconda\\Lib\\__pycache__\\re.cpython-38.pyc', reloading
2021-10-08 18:19:08,147 INFO werkzeug Thread-2 :  * Detected change in 'C:\\Users\\NAVEEN\\Python\\Anaconda\\Lib\\__pycache__\\sre_compile.cpython-38.pyc', reloading
2021-10-08 18:19:08,149 INFO werkzeug Thread-2 :  * Detected change in 'C:\\Users\\NAVEEN\\Python\\Anaconda\\Lib\\__pycache__\\sre_parse.cpython-38.pyc', reloading
2021-10-08 18:19:08,149 INFO werkzeug Thread-2 :  * Detected change in 'C:\\Users\\NAVEEN\\Python\\Anaconda\\Lib\\__pycache__\\sre_constants.cpython-38.pyc', reloading
2021-10-08 18:19:08,152 INFO werkzeug Thread-2 :  * Detected change in 'C:\\Users\\NAVEEN\\Python\\Anaconda\\Lib\\__pycache__\\copyreg.cpython-38.pyc', reloading
2021-10-08 18:19:08,154 INFO werkzeug Thread-2 :  * Detected change in 'C:\\Users\\NAVEEN\\Python\\Anaconda\\Lib\\__pycache__\\traceback.cpython-38.pyc', reloading
2021-10-08 18:19:08,156 INFO werkzeug Thread-2 :  * Detected change in 'C:\\Users\\NAVEEN\\Python\\Anaconda\\Lib\\__pycache__\\linecache.cpython-38.pyc', reloading
2021-10-08 18:19:08,157 INFO werkzeug Thread-2 :  * Detected change in 'C:\\Users\\NAVEEN\\Python\\Anaconda\\Lib\\__pycache__\\tokenize.cpython-38.pyc', reloading
2021-10-08 18:19:08,158 INFO werkzeug Thread-2 :  * Detected change in 'C:\\Users\\NAVEEN\\Python\\Anaconda\\Lib\\__pycache__\\token.cpython-38.pyc', reloading
2021-10-08 18:19:08,161 INFO werkzeug Thread-2 :  * Detected change in 'C:\\Users\\NAVEEN\\Python\\Anaconda\\Lib\\__pycache__\\weakref.cpython-38.pyc', reloading
2021-10-08 18:19:08,162 INFO werkzeug Thread-2 :  * Detected change in 'C:\\Users\\NAVEEN\\Python\\Anaconda\\Lib\\collections\\__pycache__\\abc.cpython-38.pyc', reloading
2021-10-08 18:19:08,163 INFO werkzeug Thread-2 :  * Detected change in 'C:\\Users\\NAVEEN\\Python\\Anaconda\\Lib\\__pycache__\\string.cpython-38.pyc', reloading
2021-10-08 18:19:08,168 INFO werkzeug Thread-2 :  * Detected change in 'C:\\Users\\NAVEEN\\Python\\Anaconda\\Lib\\json\\__pycache__\\__init__.cpython-38.pyc', reloading
2021-10-08 18:19:08,170 INFO werkzeug Thread-2 :  * Detected change in 'C:\\Users\\NAVEEN\\Python\\Anaconda\\Lib\\json\\__pycache__\\decoder.cpython-38.pyc', reloading
2021-10-08 18:19:08,171 INFO werkzeug Thread-2 :  * Detected change in 'C:\\Users\\NAVEEN\\Python\\Anaconda\\Lib\\json\\__pycache__\\scanner.cpython-38.pyc', reloading
2021-10-08 18:19:08,173 INFO werkzeug Thread-2 :  * Detected change in 'C:\\Users\\NAVEEN\\Python\\Anaconda\\Lib\\json\\__pycache__\\encoder.cpython-38.pyc', reloading
2021-10-08 18:19:08,175 INFO werkzeug Thread-2 :  * Detected change in 'C:\\Users\\NAVEEN\\Python\\Anaconda\\Lib\\site-packages\\menuinst\\__pycache__\\_version.cpython-38.pyc', reloading
2021-10-08 18:19:08,177 INFO werkzeug Thread-2 :  * Detected change in 'C:\\Users\\NAVEEN\\Python\\Anaconda\\Lib\\site-packages\\menuinst\\__pycache__\\win32.cpython-38.pyc', reloading
2021-10-08 18:19:08,182 INFO werkzeug Thread-2 :  * Detected change in 'C:\\Users\\NAVEEN\\Python\\Anaconda\\Lib\\ctypes\\__pycache__\\__init__.cpython-38.pyc', reloading
2021-10-08 18:19:08,195 INFO werkzeug Thread-2 :  * Detected change in 'C:\\Users\\NAVEEN\\Python\\Anaconda\\Lib\\__pycache__\\struct.cpython-38.pyc', reloading
2021-10-08 18:19:08,198 INFO werkzeug Thread-2 :  * Detected change in 'C:\\Users\\NAVEEN\\Python\\Anaconda\\Lib\\ctypes\\__pycache__\\_endian.cpython-38.pyc', reloading
2021-10-08 18:19:08,201 INFO werkzeug Thread-2 :  * Detected change in 'C:\\Users\\NAVEEN\\Python\\Anaconda\\Lib\\site-packages\\win32\\lib\\__pycache__\\pywintypes.cpython-38.pyc', reloading
2021-10-08 18:19:08,203 INFO werkzeug Thread-2 :  * Detected change in 'C:\\Users\\NAVEEN\\Python\\Anaconda\\Lib\\__pycache__\\imp.cpython-38.pyc', reloading
2021-10-08 18:19:08,211 INFO werkzeug Thread-2 :  * Detected change in 'C:\\Users\\NAVEEN\\Python\\Anaconda\\Lib\\distutils\\__pycache__\\__init__.cpython-38.pyc', reloading
2021-10-08 18:19:08,213 INFO werkzeug Thread-2 :  * Detected change in 'C:\\Users\\NAVEEN\\Python\\Anaconda\\Lib\\distutils\\__pycache__\\sysconfig.cpython-38.pyc', reloading
2021-10-08 18:19:08,217 INFO werkzeug Thread-2 :  * Detected change in 'C:\\Users\\NAVEEN\\Python\\Anaconda\\Lib\\distutils\\__pycache__\\errors.cpython-38.pyc', reloading
2021-10-08 18:19:08,220 INFO werkzeug Thread-2 :  * Detected change in 'C:\\Users\\NAVEEN\\Python\\Anaconda\\Lib\\distutils\\__pycache__\\util.cpython-38.pyc', reloading
2021-10-08 18:19:08,221 INFO werkzeug Thread-2 :  * Detected change in 'C:\\Users\\NAVEEN\\Python\\Anaconda\\Lib\\distutils\\__pycache__\\dep_util.cpython-38.pyc', reloading
2021-10-08 18:19:08,223 INFO werkzeug Thread-2 :  * Detected change in 'C:\\Users\\NAVEEN\\Python\\Anaconda\\Lib\\distutils\\__pycache__\\spawn.cpython-38.pyc', reloading
2021-10-08 18:19:08,224 INFO werkzeug Thread-2 :  * Detected change in 'C:\\Users\\NAVEEN\\Python\\Anaconda\\Lib\\distutils\\__pycache__\\debug.cpython-38.pyc', reloading
2021-10-08 18:19:08,227 INFO werkzeug Thread-2 :  * Detected change in 'C:\\Users\\NAVEEN\\Python\\Anaconda\\Lib\\distutils\\__pycache__\\log.cpython-38.pyc', reloading
2021-10-08 18:19:08,238 INFO werkzeug Thread-2 :  * Detected change in 'C:\\Users\\NAVEEN\\Python\\Anaconda\\Lib\\__pycache__\\datetime.cpython-38.pyc', reloading
2021-10-08 18:19:08,242 INFO werkzeug Thread-2 :  * Detected change in 'C:\\Users\\NAVEEN\\Python\\Anaconda\\Lib\\__pycache__\\locale.cpython-38.pyc', reloading
2021-10-08 18:19:08,246 INFO werkzeug Thread-2 :  * Detected change in 'C:\\Users\\NAVEEN\\Python\\Anaconda\\Lib\\site-packages\\menuinst\\__pycache__\\utils.cpython-38.pyc', reloading
2021-10-08 18:19:08,251 INFO werkzeug Thread-2 :  * Detected change in 'C:\\Users\\NAVEEN\\Python\\Anaconda\\Lib\\__pycache__\\shutil.cpython-38.pyc', reloading
2021-10-08 18:19:08,252 INFO werkzeug Thread-2 :  * Detected change in 'C:\\Users\\NAVEEN\\Python\\Anaconda\\Lib\\__pycache__\\fnmatch.cpython-38.pyc', reloading
2021-10-08 18:19:08,254 INFO werkzeug Thread-2 :  * Detected change in 'C:\\Users\\NAVEEN\\Python\\Anaconda\\Lib\\__pycache__\\posixpath.cpython-38.pyc', reloading
2021-10-08 18:19:08,255 INFO werkzeug Thread-2 :  * Detected change in 'C:\\Users\\NAVEEN\\Python\\Anaconda\\Lib\\__pycache__\\bz2.cpython-38.pyc', reloading
2021-10-08 18:19:08,257 INFO werkzeug Thread-2 :  * Detected change in 'C:\\Users\\NAVEEN\\Python\\Anaconda\\Lib\\__pycache__\\_compression.cpython-38.pyc', reloading
2021-10-08 18:19:08,259 INFO werkzeug Thread-2 :  * Detected change in 'C:\\Users\\NAVEEN\\Python\\Anaconda\\Lib\\__pycache__\\lzma.cpython-38.pyc', reloading
2021-10-08 18:19:08,266 INFO werkzeug Thread-2 :  * Detected change in 'C:\\Users\\NAVEEN\\Python\\Anaconda\\Lib\\site-packages\\menuinst\\__pycache__\\knownfolders.cpython-38.pyc', reloading
2021-10-08 18:19:08,268 INFO werkzeug Thread-2 :  * Detected change in 'C:\\Users\\NAVEEN\\Python\\Anaconda\\Lib\\ctypes\\__pycache__\\wintypes.cpython-38.pyc', reloading
2021-10-08 18:19:08,272 INFO werkzeug Thread-2 :  * Detected change in 'C:\\Users\\NAVEEN\\Python\\Anaconda\\Lib\\__pycache__\\uuid.cpython-38.pyc', reloading
2021-10-08 18:19:08,290 INFO werkzeug Thread-2 :  * Detected change in 'C:\\Users\\NAVEEN\\Python\\Anaconda\\Lib\\site-packages\\menuinst\\__pycache__\\win_elevate.cpython-38.pyc', reloading
2021-10-08 18:19:08,404 INFO werkzeug Thread-2 :  * Detected change in 'C:\\Users\\NAVEEN\\Python\\Anaconda\\Scripts\\spyder-script.py', reloading
2021-10-08 18:19:08,425 INFO werkzeug Thread-2 :  * Detected change in 'C:\\Users\\NAVEEN\\Python\\Anaconda\\Lib\\site-packages\\spyder\\__pycache__\\__init__.cpython-38.pyc', reloading
2021-10-08 18:19:08,428 INFO werkzeug Thread-2 :  * Detected change in 'C:\\Users\\NAVEEN\\Python\\Anaconda\\Lib\\site-packages\\spyder\\app\\__pycache__\\__init__.cpython-38.pyc', reloading
2021-10-08 18:19:08,430 INFO werkzeug Thread-2 :  * Detected change in 'C:\\Users\\NAVEEN\\Python\\Anaconda\\Lib\\site-packages\\spyder\\app\\__pycache__\\start.cpython-38.pyc', reloading
2021-10-08 18:19:08,448 INFO werkzeug Thread-2 :  * Detected change in 'C:\\Users\\NAVEEN\\Python\\Anaconda\\Lib\\__pycache__\\random.cpython-38.pyc', reloading
2021-10-08 18:19:08,451 INFO werkzeug Thread-2 :  * Detected change in 'C:\\Users\\NAVEEN\\Python\\Anaconda\\Lib\\__pycache__\\bisect.cpython-38.pyc', reloading
2021-10-08 18:19:08,453 INFO werkzeug Thread-2 :  * Detected change in 'C:\\Users\\NAVEEN\\Python\\Anaconda\\Lib\\__pycache__\\socket.cpython-38.pyc', reloading
2021-10-08 18:19:08,460 INFO werkzeug Thread-2 :  * Detected change in 'C:\\Users\\NAVEEN\\Python\\Anaconda\\Lib\\__pycache__\\selectors.cpython-38.pyc', reloading
2021-10-08 18:19:08,468 INFO werkzeug Thread-2 :  * Detected change in 'C:\\Users\\NAVEEN\\Python\\Anaconda\\Lib\\site-packages\\zmq\\__pycache__\\__init__.cpython-38.pyc', reloading
2021-10-08 18:19:08,470 INFO werkzeug Thread-2 :  * Detected change in 'C:\\Users\\NAVEEN\\Python\\Anaconda\\Lib\\__pycache__\\platform.cpython-38.pyc', reloading
2021-10-08 18:19:08,475 INFO werkzeug Thread-2 :  * Detected change in 'C:\\Users\\NAVEEN\\Python\\Anaconda\\Lib\\site-packages\\zmq\\backend\\__pycache__\\__init__.cpython-38.pyc', reloading
2021-10-08 18:19:08,477 INFO werkzeug Thread-2 :  * Detected change in 'C:\\Users\\NAVEEN\\Python\\Anaconda\\Lib\\site-packages\\zmq\\backend\\__pycache__\\select.cpython-38.pyc', reloading
2021-10-08 18:19:08,481 INFO werkzeug Thread-2 :  * Detected change in 'C:\\Users\\NAVEEN\\Python\\Anaconda\\Lib\\site-packages\\zmq\\backend\\cython\\__pycache__\\__init__.cpython-38.pyc', reloading
2021-10-08 18:19:08,503 INFO werkzeug Thread-2 :  * Detected change in 'C:\\Users\\NAVEEN\\Python\\Anaconda\\Lib\\site-packages\\zmq\\__pycache__\\error.cpython-38.pyc', reloading
2021-10-08 18:19:08,511 INFO werkzeug Thread-2 :  * Detected change in 'C:\\Users\\NAVEEN\\Python\\Anaconda\\Lib\\__pycache__\\copy.cpython-38.pyc', reloading
2021-10-08 18:19:08,517 INFO werkzeug Thread-2 :  * Detected change in 'C:\\Users\\NAVEEN\\Python\\Anaconda\\Lib\\__pycache__\\pickle.cpython-38.pyc', reloading
2021-10-08 18:19:08,520 INFO werkzeug Thread-2 :  * Detected change in 'C:\\Users\\NAVEEN\\Python\\Anaconda\\Lib\\__pycache__\\_compat_pickle.cpython-38.pyc', reloading
